13-06-2025 | 13:22:31 - java.io.InvalidClassException: Model.Produto; local class incompatible: stream classdesc serialVersionUID = 4207776295785588404, local class serialVersionUID = -3885490772631101363
13-06-2025 | 13:23:09 - Produto Criado (bola nike)
13-06-2025 | 13:24:08 - Produto Criado (caneta bic)
13-06-2025 | 13:24:57 - Produto Editado (caneta bic)
13-06-2025 | 13:26:42 - Produto Apagado (bola nike)
13-06-2025 | 21:03:06 - Arquivos não encontrados.
13-06-2025 | 21:04:38 - Arquivos não encontrados.
13-06-2025 | 21:05:40 - Arquivos não encontrados.
13-06-2025 | 21:06:30 - Arquivos não encontrados.
13-06-2025 | 21:06:30 - Classe não existe
13-06-2025 | 21:06:33 - Arquivos não encontrados.
13-06-2025 | 21:10:00 - Arquivos não encontrados.
13-06-2025 | 21:10:00 - Classe não existe
13-06-2025 | 21:10:02 - Arquivos não encontrados.
13-06-2025 | 21:10:02 - Classe não existe
13-06-2025 | 21:10:11 - Arquivos não encontrados.
13-06-2025 | 21:10:25 - Produto Criado ()
13-06-2025 | 21:10:53 - Arquivos não encontrados.
13-06-2025 | 21:12:34 - Arquivos não encontrados.
13-06-2025 | 21:13:29 - Arquivos não encontrados.
13-06-2025 | 21:16:19 - Classe não existe
13-06-2025 | 21:19:18 - Produto Criado (dwa)
13-06-2025 | 21:19:40 - Produto Criado (fdfers)
